{
  "RSpec": {
    "coverage": {
      "C:/Users/Badfish/challenges/test-all-the-methods/code.rb": [
        1,
        2,
        1,
        null,
        1,
        null,
        null,
        null,
        1,
        1,
        1,
        3,
        null,
        null,
        1,
        null,
        null,
        1,
        2,
        2,
        3,
        null,
        2,
        null,
        null,
        1,
        4,
        1,
        3,
        1,
        2,
        1,
        null,
        1,
        null,
        null,
        null,
        1,
        4,
        4,
        12,
        6,
        null,
        6,
        null,
        null,
        4,
        null,
        null,
        1,
        2,
        null,
        null,
        1,
        3,
        1,
        null,
        null,
        2,
        2,
        2,
        1,
        null,
        1,
        null
      ]
    },
    "timestamp": 1503538885
  }
}
